#! /usr/share/iverilog-0.10.0/bin/vvp
:ivl_version "0.10.0 (devel)" "(v0_9_6)";
:ivl_delay_selection "TYPICAL";
:vpi_time_precision + 0;
:vpi_module "system";
:vpi_module "vhdl_sys";
:vpi_module "v2005_math";
:vpi_module "va_math";
:vpi_module "v2009";
S_0x107c1e0 .scope module, "testbench" "testbench" 2 1;
 .timescale 0 0;
v0x10b1610_0 .net "F1", 0 0, L_0x10b2180;  1 drivers
v0x10b16d0_0 .net "F2", 0 0, L_0x10b2840;  1 drivers
v0x10b17e0_0 .net "F3", 0 0, L_0x10b1aa0;  1 drivers
v0x10b18d0_0 .var "a", 0 0;
v0x10b1a00_0 .var "b", 0 0;
v0x10b1b30_0 .var "c", 0 0;
v0x10b1c60_0 .var "d", 0 0;
S_0x107de20 .scope module, "teste" "structuralProject" 2 4, 3 1 0, S_0x107c1e0;
 .timescale 0 0;
    .port_info 0 /OUTPUT 1 "F1"
    .port_info 1 /OUTPUT 1 "F2"
    .port_info 2 /OUTPUT 1 "F3"
    .port_info 3 /INPUT 1 "a"
    .port_info 4 /INPUT 1 "b"
    .port_info 5 /INPUT 1 "c"
    .port_info 6 /INPUT 1 "d"
L_0x10b1d90 .functor NOT 1, v0x10b18d0_0, C4<0>, C4<0>, C4<0>;
L_0x10b1e00 .functor NOT 1, v0x10b1a00_0, C4<0>, C4<0>, C4<0>;
L_0x10b1e70 .functor NOT 1, v0x10b1b30_0, C4<0>, C4<0>, C4<0>;
L_0x10b1ee0 .functor NOT 1, v0x10b1c60_0, C4<0>, C4<0>, C4<0>;
v0x10b0d60_0 .net "F1", 0 0, L_0x10b2180;  alias, 1 drivers
v0x10b0e20_0 .net "F2", 0 0, L_0x10b2840;  alias, 1 drivers
v0x10b0ec0_0 .net "F3", 0 0, L_0x10b1aa0;  alias, 1 drivers
v0x10b0f60_0 .net "a", 0 0, v0x10b18d0_0;  1 drivers
v0x10b1000_0 .net "b", 0 0, v0x10b1a00_0;  1 drivers
v0x10b10a0_0 .net "c", 0 0, v0x10b1b30_0;  1 drivers
v0x10b1140_0 .net "d", 0 0, v0x10b1c60_0;  1 drivers
v0x10b11e0_0 .net "inva", 0 0, L_0x10b1d90;  1 drivers
v0x10b1280_0 .net "invb", 0 0, L_0x10b1e00;  1 drivers
v0x10b13b0_0 .net "invc", 0 0, L_0x10b1e70;  1 drivers
v0x10b1450_0 .net "invd", 0 0, L_0x10b1ee0;  1 drivers
S_0x1080080 .scope module, "fistBit" "setF1" 3 12, 3 18 0, S_0x107de20;
 .timescale 0 0;
    .port_info 0 /OUTPUT 1 "F1"
    .port_info 1 /INPUT 1 "a"
    .port_info 2 /INPUT 1 "b"
    .port_info 3 /INPUT 1 "c"
    .port_info 4 /INPUT 1 "d"
L_0x10b1f80 .functor AND 1, v0x10b1a00_0, L_0x10b1e70, C4<1>, C4<1>;
L_0x10b2020 .functor AND 1, L_0x10b1d90, v0x10b1a00_0, L_0x10b1ee0, C4<1>;
L_0x10b20c0 .functor AND 1, v0x10b18d0_0, L_0x10b1e00, v0x10b1b30_0, v0x10b1c60_0;
L_0x10b2180 .functor OR 1, L_0x10b1f80, L_0x10b2020, L_0x10b20c0, C4<0>;
v0x1080250_0 .net "F1", 0 0, L_0x10b2180;  alias, 1 drivers
v0x10af0d0_0 .net "a", 0 0, v0x10b18d0_0;  alias, 1 drivers
v0x10af190_0 .net "b", 0 0, v0x10b1a00_0;  alias, 1 drivers
v0x10af260_0 .net "c", 0 0, v0x10b1b30_0;  alias, 1 drivers
v0x10af320_0 .net "d", 0 0, v0x10b1c60_0;  alias, 1 drivers
v0x10af430_0 .net "term1", 0 0, L_0x10b1f80;  1 drivers
v0x10af4f0_0 .net "term2", 0 0, L_0x10b2020;  1 drivers
v0x10af5b0_0 .net "term3", 0 0, L_0x10b20c0;  1 drivers
S_0x10af710 .scope module, "secondBit" "setF2" 3 13, 3 32 0, S_0x107de20;
 .timescale 0 0;
    .port_info 0 /OUTPUT 1 "F2"
    .port_info 1 /INPUT 1 "a"
    .port_info 2 /INPUT 1 "b"
    .port_info 3 /INPUT 1 "c"
    .port_info 4 /INPUT 1 "d"
L_0x10b22e0 .functor AND 1, L_0x10b1d90, L_0x10b1e00, v0x10b1b30_0, C4<1>;
L_0x10b2350 .functor AND 1, L_0x10b1d90, v0x10b1b30_0, L_0x10b1ee0, C4<1>;
L_0x10b1bd0 .functor AND 1, v0x10b18d0_0, L_0x10b1e70, v0x10b1c60_0, C4<1>;
L_0x10b2620 .functor AND 1, L_0x10b1e00, v0x10b1b30_0, L_0x10b1ee0, C4<1>;
L_0x10b2840 .functor OR 1, L_0x10b22e0, L_0x10b2350, L_0x10b1bd0, L_0x10b2620;
v0x10af980_0 .net "F2", 0 0, L_0x10b2840;  alias, 1 drivers
v0x10afa40_0 .net "a", 0 0, v0x10b18d0_0;  alias, 1 drivers
v0x10afb30_0 .net "b", 0 0, v0x10b1a00_0;  alias, 1 drivers
v0x10afc30_0 .net "c", 0 0, v0x10b1b30_0;  alias, 1 drivers
v0x10afd00_0 .net "d", 0 0, v0x10b1c60_0;  alias, 1 drivers
v0x10afdf0_0 .net "term1", 0 0, L_0x10b22e0;  1 drivers
v0x10afe90_0 .net "term2", 0 0, L_0x10b2350;  1 drivers
v0x10aff30_0 .net "term3", 0 0, L_0x10b1bd0;  1 drivers
v0x10affd0_0 .net "term4", 0 0, L_0x10b2620;  1 drivers
S_0x10b0190 .scope module, "thirdBit" "setF3" 3 14, 3 48 0, S_0x107de20;
 .timescale 0 0;
    .port_info 0 /OUTPUT 1 "F3"
    .port_info 1 /INPUT 1 "a"
    .port_info 2 /INPUT 1 "b"
    .port_info 3 /INPUT 1 "c"
    .port_info 4 /INPUT 1 "d"
L_0x10b2930 .functor AND 1, L_0x10b1d90, L_0x10b1e00, v0x10b1c60_0, C4<1>;
L_0x10b1d00 .functor AND 1, L_0x10b1d90, L_0x10b1e70, v0x10b1c60_0, C4<1>;
L_0x10b2b40 .functor AND 1, v0x10b18d0_0, L_0x10b1e00, L_0x10b1ee0, C4<1>;
L_0x10b1970 .functor AND 1, v0x10b18d0_0, L_0x10b1e70, L_0x10b1ee0, C4<1>;
L_0x10b2db0 .functor AND 1, v0x10b18d0_0, v0x10b1a00_0, v0x10b1b30_0, v0x10b1c60_0;
L_0x10b1aa0/0/0 .functor OR 1, L_0x10b2930, L_0x10b1d00, L_0x10b2b40, L_0x10b1970;
L_0x10b1aa0/0/4 .functor OR 1, L_0x10b2db0, C4<0>, C4<0>, C4<0>;
L_0x10b1aa0 .functor OR 1, L_0x10b1aa0/0/0, L_0x10b1aa0/0/4, C4<0>, C4<0>;
v0x10b03c0_0 .net "F3", 0 0, L_0x10b1aa0;  alias, 1 drivers
v0x10b0480_0 .net "a", 0 0, v0x10b18d0_0;  alias, 1 drivers
v0x10b0590_0 .net "b", 0 0, v0x10b1a00_0;  alias, 1 drivers
v0x10b0680_0 .net "c", 0 0, v0x10b1b30_0;  alias, 1 drivers
v0x10b0770_0 .net "d", 0 0, v0x10b1c60_0;  alias, 1 drivers
v0x10b08b0_0 .net "term1", 0 0, L_0x10b2930;  1 drivers
v0x10b0950_0 .net "term2", 0 0, L_0x10b1d00;  1 drivers
v0x10b09f0_0 .net "term3", 0 0, L_0x10b2b40;  1 drivers
v0x10b0ab0_0 .net "term4", 0 0, L_0x10b1970;  1 drivers
v0x10b0c00_0 .net "term5", 0 0, L_0x10b2db0;  1 drivers
    .scope S_0x107c1e0;
T_0 ;
    %vpi_call/w 2 7 "$dumpfile", "dump.vcd" {0 0};
    %vpi_call/w 2 8 "$dumpvars", 1'sb0, S_0x107c1e0 {0 0};
    %vpi_call/w 2 10 "$display", "A | B | C | D | Result" {0 0};
    %vpi_call/w 2 11 "$display", "--|---|---|---|-------" {0 0};
    %set/v v0x10b18d0_0, 0, 1;
    %set/v v0x10b1a00_0, 0, 1;
    %set/v v0x10b1b30_0, 0, 1;
    %set/v v0x10b1c60_0, 0, 1;
    %vpi_call/w 2 15 "$display", "%b | %b | %b | %b | %b %b %b", v0x10b18d0_0, v0x10b1a00_0, v0x10b1b30_0, v0x10b1c60_0, v0x10b1610_0, v0x10b16d0_0, v0x10b17e0_0 {0 0};
    %delay 5, 0;
    %set/v v0x10b18d0_0, 0, 1;
    %set/v v0x10b1a00_0, 0, 1;
    %set/v v0x10b1b30_0, 0, 1;
    %set/v v0x10b1c60_0, 1, 1;
    %vpi_call/w 2 18 "$display", "%b | %b | %b | %b | %b %b %b", v0x10b18d0_0, v0x10b1a00_0, v0x10b1b30_0, v0x10b1c60_0, v0x10b1610_0, v0x10b16d0_0, v0x10b17e0_0 {0 0};
    %delay 5, 0;
    %set/v v0x10b18d0_0, 0, 1;
    %set/v v0x10b1a00_0, 0, 1;
    %set/v v0x10b1b30_0, 1, 1;
    %set/v v0x10b1c60_0, 0, 1;
    %vpi_call/w 2 21 "$display", "%b | %b | %b | %b | %b %b %b", v0x10b18d0_0, v0x10b1a00_0, v0x10b1b30_0, v0x10b1c60_0, v0x10b1610_0, v0x10b16d0_0, v0x10b17e0_0 {0 0};
    %delay 5, 0;
    %set/v v0x10b18d0_0, 0, 1;
    %set/v v0x10b1a00_0, 0, 1;
    %set/v v0x10b1b30_0, 1, 1;
    %set/v v0x10b1c60_0, 1, 1;
    %vpi_call/w 2 22 "$display", "%b | %b | %b | %b | %b %b %b", v0x10b18d0_0, v0x10b1a00_0, v0x10b1b30_0, v0x10b1c60_0, v0x10b1610_0, v0x10b16d0_0, v0x10b17e0_0 {0 0};
    %delay 5, 0;
    %set/v v0x10b18d0_0, 0, 1;
    %set/v v0x10b1a00_0, 1, 1;
    %set/v v0x10b1b30_0, 0, 1;
    %set/v v0x10b1c60_0, 0, 1;
    %vpi_call/w 2 23 "$display", "%b | %b | %b | %b | %b %b %b", v0x10b18d0_0, v0x10b1a00_0, v0x10b1b30_0, v0x10b1c60_0, v0x10b1610_0, v0x10b16d0_0, v0x10b17e0_0 {0 0};
    %delay 5, 0;
    %set/v v0x10b18d0_0, 0, 1;
    %set/v v0x10b1a00_0, 1, 1;
    %set/v v0x10b1b30_0, 0, 1;
    %set/v v0x10b1c60_0, 1, 1;
    %vpi_call/w 2 24 "$display", "%b | %b | %b | %b | %b %b %b", v0x10b18d0_0, v0x10b1a00_0, v0x10b1b30_0, v0x10b1c60_0, v0x10b1610_0, v0x10b16d0_0, v0x10b17e0_0 {0 0};
    %delay 5, 0;
    %set/v v0x10b18d0_0, 0, 1;
    %set/v v0x10b1a00_0, 1, 1;
    %set/v v0x10b1b30_0, 1, 1;
    %set/v v0x10b1c60_0, 0, 1;
    %vpi_call/w 2 25 "$display", "%b | %b | %b | %b | %b %b %b", v0x10b18d0_0, v0x10b1a00_0, v0x10b1b30_0, v0x10b1c60_0, v0x10b1610_0, v0x10b16d0_0, v0x10b17e0_0 {0 0};
    %delay 5, 0;
    %set/v v0x10b18d0_0, 0, 1;
    %set/v v0x10b1a00_0, 1, 1;
    %set/v v0x10b1b30_0, 1, 1;
    %set/v v0x10b1c60_0, 1, 1;
    %vpi_call/w 2 26 "$display", "%b | %b | %b | %b | %b %b %b", v0x10b18d0_0, v0x10b1a00_0, v0x10b1b30_0, v0x10b1c60_0, v0x10b1610_0, v0x10b16d0_0, v0x10b17e0_0 {0 0};
    %delay 5, 0;
    %set/v v0x10b18d0_0, 1, 1;
    %set/v v0x10b1a00_0, 0, 1;
    %set/v v0x10b1b30_0, 0, 1;
    %set/v v0x10b1c60_0, 0, 1;
    %vpi_call/w 2 29 "$display", "%b | %b | %b | %b | %b %b %b", v0x10b18d0_0, v0x10b1a00_0, v0x10b1b30_0, v0x10b1c60_0, v0x10b1610_0, v0x10b16d0_0, v0x10b17e0_0 {0 0};
    %delay 5, 0;
    %set/v v0x10b18d0_0, 1, 1;
    %set/v v0x10b1a00_0, 0, 1;
    %set/v v0x10b1b30_0, 0, 1;
    %set/v v0x10b1c60_0, 1, 1;
    %vpi_call/w 2 30 "$display", "%b | %b | %b | %b | %b %b %b", v0x10b18d0_0, v0x10b1a00_0, v0x10b1b30_0, v0x10b1c60_0, v0x10b1610_0, v0x10b16d0_0, v0x10b17e0_0 {0 0};
    %delay 5, 0;
    %set/v v0x10b18d0_0, 1, 1;
    %set/v v0x10b1a00_0, 0, 1;
    %set/v v0x10b1b30_0, 1, 1;
    %set/v v0x10b1c60_0, 0, 1;
    %vpi_call/w 2 31 "$display", "%b | %b | %b | %b | %b %b %b", v0x10b18d0_0, v0x10b1a00_0, v0x10b1b30_0, v0x10b1c60_0, v0x10b1610_0, v0x10b16d0_0, v0x10b17e0_0 {0 0};
    %delay 5, 0;
    %set/v v0x10b18d0_0, 1, 1;
    %set/v v0x10b1a00_0, 0, 1;
    %set/v v0x10b1b30_0, 1, 1;
    %set/v v0x10b1c60_0, 1, 1;
    %vpi_call/w 2 32 "$display", "%b | %b | %b | %b | %b %b %b", v0x10b18d0_0, v0x10b1a00_0, v0x10b1b30_0, v0x10b1c60_0, v0x10b1610_0, v0x10b16d0_0, v0x10b17e0_0 {0 0};
    %delay 5, 0;
    %set/v v0x10b18d0_0, 1, 1;
    %set/v v0x10b1a00_0, 1, 1;
    %set/v v0x10b1b30_0, 0, 1;
    %set/v v0x10b1c60_0, 0, 1;
    %vpi_call/w 2 33 "$display", "%b | %b | %b | %b | %b %b %b", v0x10b18d0_0, v0x10b1a00_0, v0x10b1b30_0, v0x10b1c60_0, v0x10b1610_0, v0x10b16d0_0, v0x10b17e0_0 {0 0};
    %delay 5, 0;
    %set/v v0x10b18d0_0, 1, 1;
    %set/v v0x10b1a00_0, 1, 1;
    %set/v v0x10b1b30_0, 0, 1;
    %set/v v0x10b1c60_0, 1, 1;
    %vpi_call/w 2 34 "$display", "%b | %b | %b | %b | %b %b %b", v0x10b18d0_0, v0x10b1a00_0, v0x10b1b30_0, v0x10b1c60_0, v0x10b1610_0, v0x10b16d0_0, v0x10b17e0_0 {0 0};
    %delay 5, 0;
    %set/v v0x10b18d0_0, 1, 1;
    %set/v v0x10b1a00_0, 1, 1;
    %set/v v0x10b1b30_0, 1, 1;
    %set/v v0x10b1c60_0, 0, 1;
    %vpi_call/w 2 35 "$display", "%b | %b | %b | %b | %b %b %b", v0x10b18d0_0, v0x10b1a00_0, v0x10b1b30_0, v0x10b1c60_0, v0x10b1610_0, v0x10b16d0_0, v0x10b17e0_0 {0 0};
    %delay 5, 0;
    %set/v v0x10b18d0_0, 1, 1;
    %set/v v0x10b1a00_0, 1, 1;
    %set/v v0x10b1b30_0, 1, 1;
    %set/v v0x10b1c60_0, 1, 1;
    %vpi_call/w 2 36 "$display", "%b | %b | %b | %b | %b %b %b", v0x10b18d0_0, v0x10b1a00_0, v0x10b1b30_0, v0x10b1c60_0, v0x10b1610_0, v0x10b16d0_0, v0x10b17e0_0 {0 0};
    %delay 5, 0;
    %vpi_call/w 2 38 "$finish" {0 0};
    %end;
    .thread T_0;
# The file index is used to find the file name in the following table.
:file_names 4;
    "N/A";
    "<interactive>";
    "testbench.sv";
    "design.sv";
